<?xml version="1.0" encoding="UTF-8"?>
<!-- Generated by org.testng.reporters.JUnitReportReporter -->
<testsuite skipped="0" hostname="DESKTOP-EDPB3UL" name="tests.SampleExtentReport" tests="1" failures="0" timestamp="07 Oct 2019 13:05:38 GMT" time="19.246" errors="0">
  <testcase name="loginTest" time="19.246" classname="tests.SampleExtentReport"/>
</testsuite> <!-- tests.SampleExtentReport -->
