<?xml version="1.0" encoding="UTF-8"?>
<!-- Generated by org.testng.reporters.JUnitReportReporter -->
<testsuite skipped="0" hostname="DESKTOP-EDPB3UL" name="tests.AnnotationsTest" tests="1" failures="0" timestamp="03 Oct 2019 12:00:19 GMT" time="0.012" errors="0">
  <testcase name="test" time="0.012" classname="tests.AnnotationsTest"/>
</testsuite> <!-- tests.AnnotationsTest -->
